<?xml version='1.0' encoding='UTF-8'?>
<testsuite hostname="DESKTOP-9LB40F3" name="Test1" tests="1" errors="0" failures="0" skipped="0" time="0.151" timestamp="2021-10-28T18:48:53">
          <properties>
      <property name="java.specification.version" value="17"/><property name="sun.cpu.isalist" value="amd64"/><property name="sun.jnu.encoding" value="Cp1252"/><property name="sun.arch.data.model" value="64"/><property name="bootstrap.mainClass" value="xsbt.boot.Boot"/><property name="java.vendor.url" value="https://adoptium.net/"/><property name="sun.boot.library.path" value="C:\Program Files\Eclipse Foundation\jdk-17.0.0.35-hotspot\bin"/><property name="sun.java.command" value="C:\Users\lukas\AppData\Local\Coursier\data\bin\sbt.bat"/><property name="jdk.debug" value="release"/><property name="sun.stderr.encoding" value="cp850"/><property name="java.specification.vendor" value="Oracle Corporation"/><property name="java.version.date" value="2021-09-14"/><property name="java.home" value="C:\Program Files\Eclipse Foundation\jdk-17.0.0.35-hotspot"/><property name="file.separator" value="\"/><property name="java.vm.compressedOopsMode" value="Zero based"/><property name="line.separator" value="
"/><property name="sun.stdout.encoding" value="cp850"/><property name="java.vm.specification.vendor" value="Oracle Corporation"/><property name="java.specification.name" value="Java Platform API Specification"/><property name="user.script" value=""/><property name="sun.management.compiler" value="HotSpot 64-Bit Tiered Compilers"/><property name="java.runtime.version" value="17+35"/><property name="user.name" value="lukas"/><property name="log4j.ignoreTCL" value="true"/><property name="file.encoding" value="Cp1252"/><property name="jnidispatch.path" value="C:\Users\lukas\AppData\Local\Temp\jna-103331764\jna6975105865522477356.dll"/><property name="java.vendor.version" value="Temurin-17+35"/><property name="jna.loaded" value="true"/><property name="java.io.tmpdir" value="C:\Users\lukas\AppData\Local\Temp\"/><property name="java.version" value="17"/><property name="java.vm.specification.name" value="Java Virtual Machine Specification"/><property name="sun.os.patch.level" value=""/><property name="native.encoding" value="Cp1252"/><property name="java.library.path" value="C:\Program Files\Eclipse Foundation\jdk-17.0.0.35-hotspot\bin;C:\WINDOWS\Sun\Java\bin;C:\WINDOWS\system32;C:\WINDOWS;C:\Program Files\Eclipse Foundation\jdk-17.0.0.35-hotspot\bin;C:\Program Files (x86)\Common Files\Oracle\Java\javapath;C:\WINDOWS\system32;C:\WINDOWS;C:\WINDOWS\System32\Wbem;C:\WINDOWS\System32\WindowsPowerShell\v1.0\;C:\WINDOWS\System32\OpenSSH\;C:\Program Files\Git\cmd;C:\Users\lukas\AppData\Local\Microsoft\WindowsApps;;C:\Users\lukas\AppData\Local\Coursier\data\bin;C:\Program Files\JetBrains\PyCharm 2021.2.2\bin;;C:\Users\lukas\AppData\Local\Programs\Microsoft VS Code\bin;."/><property name="java.vendor" value="Eclipse Adoptium"/><property name="sun.io.unicode.encoding" value="UnicodeLittle"/><property name="java.class.path" value="C:\Users\lukas\AppData\Local\Coursier\data\bin\sbt.bat;C:\Users\lukas\AppData\Local\Coursier\cache\v1\https\repo1.maven.org\maven2\io\get-coursier\sbt\sbt-runner\0.2.0\sbt-runner-0.2.0.jar;C:\Users\lukas\AppData\Local\Coursier\cache\v1\https\repo1.maven.org\maven2\org\scala-sbt\sbt-launch\1.5.5\sbt-launch-1.5.5.jar"/><property name="java.vm.vendor" value="Eclipse Adoptium"/><property name="coursier.mainJar" value="C:\Users\lukas\AppData\Local\Coursier\data\bin\sbt.bat"/><property name="user.variant" value=""/><property name="jline.shutdownhook" value="false"/><property name="user.timezone" value="Europe/Berlin"/><property name="java.vm.specification.version" value="17"/><property name="os.name" value="Windows 10"/><property name="sun.java.launcher" value="SUN_STANDARD"/><property name="user.country" value="DE"/><property name="sun.cpu.endian" value="little"/><property name="user.home" value="C:\Users\lukas"/><property name="user.language" value="de"/><property name="swoval.tmpdir" value="C:\Users\lukas\.sbt\1.0"/><property name="jline.esc.timeout" value="0"/><property name="prog.dir" value="C:\\Users\\lukas\\AppData\\Local\\Coursier\\data\\bin\"/><property name="path.separator" value=";"/><property name="os.version" value="10.0"/><property name="jna.nosys" value="true"/><property name="java.runtime.name" value="OpenJDK Runtime Environment"/><property name="java.vm.name" value="OpenJDK 64-Bit Server VM"/><property name="java.vendor.url.bug" value="https://github.com/adoptium/adoptium-support/issues"/><property name="sbt-launch.version" value="1.5.5"/><property name="user.dir" value="C:\Users\lukas\bettler"/><property name="os.arch" value="amd64"/><property name="java.vm.info" value="mixed mode, sharing"/><property name="java.vm.version" value="17+35"/><property name="java.class.version" value="61.0"/>
    </properties>
          <testcase classname="Test1" name="Main should have a bar as String of Form '+----+----+----+----+----+----+----+'" time="0.151">
                      
                    </testcase>
          <system-out><![CDATA[]]></system-out>
          <system-err><![CDATA[]]></system-err>
        </testsuite>