<?xml version='1.0' encoding='UTF-8'?>
<testsuite hostname="DESKTOP-1RPCEEH" name="Test1" tests="6" errors="0" failures="0" skipped="0" time="0.038" timestamp="2021-10-28T19:15:40">
          <properties>
      <property name="java.specification.version" value="16"/><property name="sun.cpu.isalist" value="amd64"/><property name="sun.jnu.encoding" value="Cp1252"/><property name="sun.arch.data.model" value="64"/><property name="java.vendor.url" value="https://java.oracle.com/"/><property name="sun.boot.library.path" value="C:\Program Files\Java\jdk-16\bin"/><property name="sun.java.command" value="xsbt.boot.Boot"/><property name="jdk.debug" value="release"/><property name="sun.stderr.encoding" value="cp850"/><property name="java.specification.vendor" value="Oracle Corporation"/><property name="java.version.date" value="2021-03-16"/><property name="java.home" value="C:\Program Files\Java\jdk-16"/><property name="file.separator" value="\"/><property name="java.vm.compressedOopsMode" value="32-bit"/><property name="line.separator" value="
"/><property name="sun.stdout.encoding" value="cp850"/><property name="java.vm.specification.vendor" value="Oracle Corporation"/><property name="java.specification.name" value="Java Platform API Specification"/><property name="user.script" value=""/><property name="sun.management.compiler" value="HotSpot 64-Bit Tiered Compilers"/><property name="java.runtime.version" value="16+36-2231"/><property name="user.name" value="Max"/><property name="log4j.ignoreTCL" value="true"/><property name="file.encoding" value="UTF-8"/><property name="jnidispatch.path" value="C:\Users\Max\AppData\Local\Temp\jna-77124\jna3209823088573473368.dll"/><property name="jna.loaded" value="true"/><property name="java.io.tmpdir" value="C:\Users\Max\AppData\Local\Temp\"/><property name="java.version" value="16"/><property name="java.vm.specification.name" value="Java Virtual Machine Specification"/><property name="sun.os.patch.level" value=""/><property name="java.library.path" value="C:\Program Files\Java\jdk-16\bin;C:\Windows\Sun\Java\bin;C:\Windows\system32;C:\Windows;C:\Program Files\Common Files\Oracle\Java\javapath;C:\Program Files (x86)\Common Files\Oracle\Java\javapath;C:\Program Files\AdoptOpenJDK\jre-13.0.2.8-hotspot\bin;C:\Windows\system32;C:\Windows;C:\Windows\System32\Wbem;C:\Windows\System32\WindowsPowerShell\v1.0\;C:\Windows\System32\OpenSSH\;C:\Program Files (x86)\NVIDIA Corporation\PhysX\Common;C:\Program Files\Microsoft VS Code\bin;C:\Program Files\MATLAB\R2021a\bin;C:\Program Files\VSCodium\bin;C:\Program Files (x86)\dotnet\;C:\Program Files\dotnet\;C:\Program Files (x86)\sbt\bin;C:\Program Files\Git\cmd;C:\Users\Max\AppData\Local\Programs\Python\Python39\Scripts\;C:\Users\Max\AppData\Local\Programs\Python\Python39\;C:\Users\Max\AppData\Local\Microsoft\WindowsApps;C:\Prog\apache-ant-1.10.9\bin;C:\Prog\AStyle\bin;C:\Program Files\Notepad++;C:\Program Files (x86)\GnuWin32\bin;C:\Program Files\JetBrains\IntelliJ IDEA Community Edition 2021.2.2\bin;;C:\Program Files\AdoptOpenJDK\jre-13.0.2.8-hotspot\bin;;C:\Users\Max\AppData\Local\Coursier\data\bin;."/><property name="java.vendor" value="Oracle Corporation"/><property name="scala.ext.dirs" value="C:\Users\Max\.sbt\1.0\java9-rt-ext-oracle_corporation_16"/><property name="sun.io.unicode.encoding" value="UnicodeLittle"/><property name="java.class.path" value="C:\Program Files (x86)\sbt\\bin\sbt-launch.jar"/><property name="java.vm.vendor" value="Oracle Corporation"/><property name="user.variant" value=""/><property name="jline.shutdownhook" value="false"/><property name="user.timezone" value="Europe/Berlin"/><property name="java.vm.specification.version" value="16"/><property name="os.name" value="Windows 10"/><property name="sun.java.launcher" value="SUN_STANDARD"/><property name="user.country" value="DE"/><property name="sun.cpu.endian" value="little"/><property name="user.home" value="C:\Users\Max"/><property name="user.language" value="de"/><property name="swoval.tmpdir" value="C:\Users\Max\.sbt\1.0"/><property name="jline.esc.timeout" value="0"/><property name="path.separator" value=";"/><property name="os.version" value="10.0"/><property name="jna.nosys" value="true"/><property name="java.runtime.name" value="Java(TM) SE Runtime Environment"/><property name="java.vm.name" value="Java HotSpot(TM) 64-Bit Server VM"/><property name="java.vendor.url.bug" value="https://bugreport.java.com/bugreport/"/><property name="user.dir" value="C:\Users\Max\workspace\bettler"/><property name="os.arch" value="amd64"/><property name="java.vm.info" value="mixed mode, sharing"/><property name="java.vm.version" value="16+36-2231"/><property name="java.class.version" value="60.0"/>
    </properties>
          <testcase classname="Test1" name="Main should have a bar as String of Form '+----+----+----+----+----+----+----+'" time="0.037">
                      
                    </testcase><testcase classname="Test1" name="Main should have a scalable bar" time="0.001">
                      
                    </testcase><testcase classname="Test1" name="Main should have a cell as String of Form '|   |   |   |" time="0.0">
                      
                    </testcase><testcase classname="Test1" name="Main should have a scalable cell" time="0.0">
                      
                    </testcase><testcase classname="Test1" name="Main should have a player as String of Form 'Spieler 1 : + eol + +----+----+----+----+----+----+----+ + eol + |    |    |    |    |    |    |    | + eol + +----+----+----+----+----+----+----+" time="0.0">
                      
                    </testcase><testcase classname="Test1" name="Main should have a number of players with varying cards" time="0.0">
                      
                    </testcase>
          <system-out><![CDATA[]]></system-out>
          <system-err><![CDATA[]]></system-err>
        </testsuite>